[0.009s] Invoking command in '/home/creativecoder/ros2_project/ros2_ws/build/robot_controller': CMAKE_PREFIX_PATH=/opt/ros/humble /usr/bin/cmake /home/creativecoder/ros2_project/ros2_ws/src/robot_controller -DCMAKE_INSTALL_PREFIX=/home/creativecoder/ros2_project/ros2_ws/install/robot_controller
[0.081s] -- The C compiler identification is GNU 11.4.0
[0.260s] -- The CXX compiler identification is GNU 11.4.0
[0.379s] -- Detecting C compiler ABI info
[0.461s] -- Detecting C compiler ABI info - done
[0.466s] -- Check for working C compiler: /usr/bin/cc - skipped
[0.466s] -- Detecting C compile features
[0.466s] -- Detecting C compile features - done
[0.468s] -- Detecting CXX compiler ABI info
[0.555s] -- Detecting CXX compiler ABI info - done
[0.560s] -- Check for working CXX compiler: /usr/bin/c++ - skipped
[0.560s] -- Detecting CXX compile features
[0.560s] -- Detecting CXX compile features - done
[0.562s] -- Found ament_cmake: 1.3.12 (/opt/ros/humble/share/ament_cmake/cmake)
[0.666s] -- Found Python3: /usr/bin/python3 (found version "3.10.12") found components: Interpreter 
[0.725s] -- Found rclcpp: 16.0.17 (/opt/ros/humble/share/rclcpp/cmake)
[0.805s] -- Found rosidl_generator_c: 3.1.8 (/opt/ros/humble/share/rosidl_generator_c/cmake)
[0.807s] -- Found rosidl_adapter: 3.1.8 (/opt/ros/humble/share/rosidl_adapter/cmake)
[0.815s] -- Found rosidl_generator_cpp: 3.1.8 (/opt/ros/humble/share/rosidl_generator_cpp/cmake)
[0.821s] -- Using all available rosidl_typesupport_c: rosidl_typesupport_fastrtps_c;rosidl_typesupport_introspection_c
[0.830s] -- Using all available rosidl_typesupport_cpp: rosidl_typesupport_fastrtps_cpp;rosidl_typesupport_introspection_cpp
[0.857s] -- Found rmw_implementation_cmake: 6.1.2 (/opt/ros/humble/share/rmw_implementation_cmake/cmake)
[0.859s] -- Found rmw_fastrtps_cpp: 6.2.9 (/opt/ros/humble/share/rmw_fastrtps_cpp/cmake)
[1.581s] -- Found OpenSSL: /usr/lib/x86_64-linux-gnu/libcrypto.so (found version "3.0.2")  
[2.330s] -- Found FastRTPS: /opt/ros/humble/include  
[3.600s] -- Using RMW implementation 'rmw_fastrtps_cpp' as default
[3.604s] -- Looking for pthread.h
[3.688s] -- Looking for pthread.h - found
[3.688s] -- Performing Test CMAKE_HAVE_LIBC_PTHREAD
[3.768s] -- Performing Test CMAKE_HAVE_LIBC_PTHREAD - Success
[3.769s] -- Found Threads: TRUE  
[3.801s] -- Found geometry_msgs: 4.9.0 (/opt/ros/humble/share/geometry_msgs/cmake)
[3.811s] -- Found ament_lint_auto: 0.12.14 (/opt/ros/humble/share/ament_lint_auto/cmake)
[3.865s] -- Added test 'lint_cmake' to check CMake code style
[3.865s] -- Added test 'xmllint' to check XML markup files
[3.866s] -- Configuring done
[3.871s] -- Generating done
[3.873s] -- Build files have been written to: /home/creativecoder/ros2_project/ros2_ws/build/robot_controller
[3.882s] Invoked command in '/home/creativecoder/ros2_project/ros2_ws/build/robot_controller' returned '0': CMAKE_PREFIX_PATH=/opt/ros/humble /usr/bin/cmake /home/creativecoder/ros2_project/ros2_ws/src/robot_controller -DCMAKE_INSTALL_PREFIX=/home/creativecoder/ros2_project/ros2_ws/install/robot_controller
[3.882s] Invoking command in '/home/creativecoder/ros2_project/ros2_ws/build/robot_controller': CMAKE_PREFIX_PATH=/opt/ros/humble /usr/bin/cmake --build /home/creativecoder/ros2_project/ros2_ws/build/robot_controller -- -j14 -l14
[3.909s] Invoked command in '/home/creativecoder/ros2_project/ros2_ws/build/robot_controller' returned '0': CMAKE_PREFIX_PATH=/opt/ros/humble /usr/bin/cmake --build /home/creativecoder/ros2_project/ros2_ws/build/robot_controller -- -j14 -l14
[3.918s] Invoking command in '/home/creativecoder/ros2_project/ros2_ws/build/robot_controller': CMAKE_PREFIX_PATH=/opt/ros/humble /usr/bin/cmake --install /home/creativecoder/ros2_project/ros2_ws/build/robot_controller
[3.923s] -- Install configuration: ""
[3.924s] -- Installing: /home/creativecoder/ros2_project/ros2_ws/install/robot_controller/share/ament_index/resource_index/package_run_dependencies/robot_controller
[3.924s] -- Installing: /home/creativecoder/ros2_project/ros2_ws/install/robot_controller/share/ament_index/resource_index/parent_prefix_path/robot_controller
[3.924s] -- Installing: /home/creativecoder/ros2_project/ros2_ws/install/robot_controller/share/robot_controller/environment/ament_prefix_path.sh
[3.924s] -- Installing: /home/creativecoder/ros2_project/ros2_ws/install/robot_controller/share/robot_controller/environment/ament_prefix_path.dsv
[3.925s] -- Installing: /home/creativecoder/ros2_project/ros2_ws/install/robot_controller/share/robot_controller/environment/path.sh
[3.925s] -- Installing: /home/creativecoder/ros2_project/ros2_ws/install/robot_controller/share/robot_controller/environment/path.dsv
[3.925s] -- Installing: /home/creativecoder/ros2_project/ros2_ws/install/robot_controller/share/robot_controller/local_setup.bash
[3.925s] -- Installing: /home/creativecoder/ros2_project/ros2_ws/install/robot_controller/share/robot_controller/local_setup.sh
[3.925s] -- Installing: /home/creativecoder/ros2_project/ros2_ws/install/robot_controller/share/robot_controller/local_setup.zsh
[3.925s] -- Installing: /home/creativecoder/ros2_project/ros2_ws/install/robot_controller/share/robot_controller/local_setup.dsv
[3.925s] -- Installing: /home/creativecoder/ros2_project/ros2_ws/install/robot_controller/share/robot_controller/package.dsv
[3.925s] -- Installing: /home/creativecoder/ros2_project/ros2_ws/install/robot_controller/share/ament_index/resource_index/packages/robot_controller
[3.925s] -- Installing: /home/creativecoder/ros2_project/ros2_ws/install/robot_controller/share/robot_controller/cmake/robot_controllerConfig.cmake
[3.926s] -- Installing: /home/creativecoder/ros2_project/ros2_ws/install/robot_controller/share/robot_controller/cmake/robot_controllerConfig-version.cmake
[3.926s] -- Installing: /home/creativecoder/ros2_project/ros2_ws/install/robot_controller/share/robot_controller/package.xml
[3.928s] Invoked command in '/home/creativecoder/ros2_project/ros2_ws/build/robot_controller' returned '0': CMAKE_PREFIX_PATH=/opt/ros/humble /usr/bin/cmake --install /home/creativecoder/ros2_project/ros2_ws/build/robot_controller
