[0.009s] Invoking command in '/home/creativecoder/ros2_project/ros2_ws/src/build/robot_controller': CMAKE_PREFIX_PATH=/opt/ros/humble /usr/bin/cmake /home/creativecoder/ros2_project/ros2_ws/src/robot_controller -DCMAKE_INSTALL_PREFIX=/home/creativecoder/ros2_project/ros2_ws/src/install/robot_controller
[0.018s] -- Found ament_cmake: 1.3.12 (/opt/ros/humble/share/ament_cmake/cmake)
[0.099s] -- Found rclcpp: 16.0.17 (/opt/ros/humble/share/rclcpp/cmake)
[0.178s] -- Found rosidl_generator_c: 3.1.8 (/opt/ros/humble/share/rosidl_generator_c/cmake)
[0.179s] -- Found rosidl_adapter: 3.1.8 (/opt/ros/humble/share/rosidl_adapter/cmake)
[0.183s] -- Found rosidl_generator_cpp: 3.1.8 (/opt/ros/humble/share/rosidl_generator_cpp/cmake)
[0.188s] -- Using all available rosidl_typesupport_c: rosidl_typesupport_fastrtps_c;rosidl_typesupport_introspection_c
[0.194s] -- Using all available rosidl_typesupport_cpp: rosidl_typesupport_fastrtps_cpp;rosidl_typesupport_introspection_cpp
[0.213s] -- Found rmw_implementation_cmake: 6.1.2 (/opt/ros/humble/share/rmw_implementation_cmake/cmake)
[0.214s] -- Found rmw_fastrtps_cpp: 6.2.9 (/opt/ros/humble/share/rmw_fastrtps_cpp/cmake)
[2.553s] -- Using RMW implementation 'rmw_fastrtps_cpp' as default
[2.585s] -- Found geometry_msgs: 4.9.0 (/opt/ros/humble/share/geometry_msgs/cmake)
[2.593s] -- Found ament_lint_auto: 0.12.14 (/opt/ros/humble/share/ament_lint_auto/cmake)
[2.702s] -- Added test 'lint_cmake' to check CMake code style
[2.705s] -- Added test 'xmllint' to check XML markup files
[2.708s] -- Configuring done
[2.713s] -- Generating done
[2.715s] -- Build files have been written to: /home/creativecoder/ros2_project/ros2_ws/src/build/robot_controller
[2.723s] Invoked command in '/home/creativecoder/ros2_project/ros2_ws/src/build/robot_controller' returned '0': CMAKE_PREFIX_PATH=/opt/ros/humble /usr/bin/cmake /home/creativecoder/ros2_project/ros2_ws/src/robot_controller -DCMAKE_INSTALL_PREFIX=/home/creativecoder/ros2_project/ros2_ws/src/install/robot_controller
[2.724s] Invoking command in '/home/creativecoder/ros2_project/ros2_ws/src/build/robot_controller': CMAKE_PREFIX_PATH=/opt/ros/humble /usr/bin/cmake --build /home/creativecoder/ros2_project/ros2_ws/src/build/robot_controller -- -j14 -l14
[2.752s] Invoked command in '/home/creativecoder/ros2_project/ros2_ws/src/build/robot_controller' returned '0': CMAKE_PREFIX_PATH=/opt/ros/humble /usr/bin/cmake --build /home/creativecoder/ros2_project/ros2_ws/src/build/robot_controller -- -j14 -l14
[2.760s] Invoking command in '/home/creativecoder/ros2_project/ros2_ws/src/build/robot_controller': CMAKE_PREFIX_PATH=/opt/ros/humble /usr/bin/cmake --install /home/creativecoder/ros2_project/ros2_ws/src/build/robot_controller
[2.765s] -- Install configuration: ""
[2.765s] -- Installing: /home/creativecoder/ros2_project/ros2_ws/src/install/robot_controller/share/ament_index/resource_index/package_run_dependencies/robot_controller
[2.765s] -- Installing: /home/creativecoder/ros2_project/ros2_ws/src/install/robot_controller/share/ament_index/resource_index/parent_prefix_path/robot_controller
[2.766s] -- Installing: /home/creativecoder/ros2_project/ros2_ws/src/install/robot_controller/share/robot_controller/environment/ament_prefix_path.sh
[2.766s] -- Installing: /home/creativecoder/ros2_project/ros2_ws/src/install/robot_controller/share/robot_controller/environment/ament_prefix_path.dsv
[2.766s] -- Installing: /home/creativecoder/ros2_project/ros2_ws/src/install/robot_controller/share/robot_controller/environment/path.sh
[2.766s] -- Installing: /home/creativecoder/ros2_project/ros2_ws/src/install/robot_controller/share/robot_controller/environment/path.dsv
[2.766s] -- Installing: /home/creativecoder/ros2_project/ros2_ws/src/install/robot_controller/share/robot_controller/local_setup.bash
[2.766s] -- Installing: /home/creativecoder/ros2_project/ros2_ws/src/install/robot_controller/share/robot_controller/local_setup.sh
[2.766s] -- Installing: /home/creativecoder/ros2_project/ros2_ws/src/install/robot_controller/share/robot_controller/local_setup.zsh
[2.766s] -- Installing: /home/creativecoder/ros2_project/ros2_ws/src/install/robot_controller/share/robot_controller/local_setup.dsv
[2.767s] -- Installing: /home/creativecoder/ros2_project/ros2_ws/src/install/robot_controller/share/robot_controller/package.dsv
[2.768s] -- Installing: /home/creativecoder/ros2_project/ros2_ws/src/install/robot_controller/share/ament_index/resource_index/packages/robot_controller
[2.768s] -- Installing: /home/creativecoder/ros2_project/ros2_ws/src/install/robot_controller/share/robot_controller/cmake/robot_controllerConfig.cmake
[2.768s] -- Installing: /home/creativecoder/ros2_project/ros2_ws/src/install/robot_controller/share/robot_controller/cmake/robot_controllerConfig-version.cmake
[2.769s] -- Installing: /home/creativecoder/ros2_project/ros2_ws/src/install/robot_controller/share/robot_controller/package.xml
[2.771s] Invoked command in '/home/creativecoder/ros2_project/ros2_ws/src/build/robot_controller' returned '0': CMAKE_PREFIX_PATH=/opt/ros/humble /usr/bin/cmake --install /home/creativecoder/ros2_project/ros2_ws/src/build/robot_controller
