[0.154s] DEBUG:colcon:Command line arguments: ['/usr/bin/colcon', 'build', '--packages-select', 'robot_controller']
[0.154s] DEBUG:colcon:Parsed command line arguments: Namespace(log_base=None, log_level=None, verb_name='build', build_base='build', install_base='install', merge_install=False, symlink_install=False, test_result_base=None, continue_on_error=False, executor='parallel', parallel_workers=14, event_handlers=None, ignore_user_meta=False, metas=['./colcon.meta'], base_paths=['.'], packages_ignore=None, packages_ignore_regex=None, paths=None, packages_up_to=None, packages_up_to_regex=None, packages_above=None, packages_above_and_dependencies=None, packages_above_depth=None, packages_select_by_dep=None, packages_skip_by_dep=None, packages_skip_up_to=None, packages_select_build_failed=False, packages_skip_build_finished=False, packages_select_test_failures=False, packages_skip_test_passed=False, packages_select=['robot_controller'], packages_skip=None, packages_select_regex=None, packages_skip_regex=None, packages_start=None, packages_end=None, allow_overriding=[], cmake_args=None, cmake_target=None, cmake_target_skip_unavailable=False, cmake_clean_cache=False, cmake_clean_first=False, cmake_force_configure=False, ament_cmake_args=None, catkin_cmake_args=None, catkin_skip_building_tests=False, mixin_files=None, mixin=None, verb_parser=<colcon_mixin.mixin.mixin_argument.MixinArgumentDecorator object at 0x7cfbcf449240>, verb_extension=<colcon_core.verb.build.BuildVerb object at 0x7cfbcf5c2aa0>, main=<bound method BuildVerb.main of <colcon_core.verb.build.BuildVerb object at 0x7cfbcf5c2aa0>>, mixin_verb=('build',))
[0.248s] Level 1:colcon.colcon_core.package_discovery:discover_packages(colcon_meta) check parameters
[0.248s] Level 1:colcon.colcon_core.package_discovery:discover_packages(recursive) check parameters
[0.248s] Level 1:colcon.colcon_core.package_discovery:discover_packages(ignore) check parameters
[0.248s] Level 1:colcon.colcon_core.package_discovery:discover_packages(path) check parameters
[0.248s] Level 1:colcon.colcon_core.package_discovery:discover_packages(colcon_meta) discover
[0.248s] Level 1:colcon.colcon_core.package_discovery:discover_packages(recursive) discover
[0.248s] INFO:colcon.colcon_core.package_discovery:Crawling recursively for packages in '/home/creativecoder/ros2_project/ros2_ws'
[0.248s] Level 1:colcon.colcon_core.package_identification:_identify(.) by extensions ['ignore', 'ignore_ament_install']
[0.249s] Level 1:colcon.colcon_core.package_identification:_identify(.) by extension 'ignore'
[0.249s] Level 1:colcon.colcon_core.package_identification:_identify(.) by extension 'ignore_ament_install'
[0.249s] Level 1:colcon.colcon_core.package_identification:_identify(.) by extensions ['colcon_pkg']
[0.249s] Level 1:colcon.colcon_core.package_identification:_identify(.) by extension 'colcon_pkg'
[0.249s] Level 1:colcon.colcon_core.package_identification:_identify(.) by extensions ['colcon_meta']
[0.249s] Level 1:colcon.colcon_core.package_identification:_identify(.) by extension 'colcon_meta'
[0.249s] Level 1:colcon.colcon_core.package_identification:_identify(.) by extensions ['ros']
[0.249s] Level 1:colcon.colcon_core.package_identification:_identify(.) by extension 'ros'
[0.255s] Level 1:colcon.colcon_core.package_identification:_identify(.) by extensions ['cmake', 'python']
[0.255s] Level 1:colcon.colcon_core.package_identification:_identify(.) by extension 'cmake'
[0.255s] Level 1:colcon.colcon_core.package_identification:_identify(.) by extension 'python'
[0.255s] Level 1:colcon.colcon_core.package_identification:_identify(.) by extensions ['python_setup_py']
[0.255s] Level 1:colcon.colcon_core.package_identification:_identify(.) by extension 'python_setup_py'
[0.255s] Level 1:colcon.colcon_core.package_identification:_identify(build) by extensions ['ignore', 'ignore_ament_install']
[0.255s] Level 1:colcon.colcon_core.package_identification:_identify(build) by extension 'ignore'
[0.256s] Level 1:colcon.colcon_core.package_identification:_identify(build) ignored
[0.256s] Level 1:colcon.colcon_core.package_identification:_identify(install) by extensions ['ignore', 'ignore_ament_install']
[0.256s] Level 1:colcon.colcon_core.package_identification:_identify(install) by extension 'ignore'
[0.256s] Level 1:colcon.colcon_core.package_identification:_identify(install) ignored
[0.256s] Level 1:colcon.colcon_core.package_identification:_identify(log) by extensions ['ignore', 'ignore_ament_install']
[0.256s] Level 1:colcon.colcon_core.package_identification:_identify(log) by extension 'ignore'
[0.256s] Level 1:colcon.colcon_core.package_identification:_identify(log) ignored
[0.256s] Level 1:colcon.colcon_core.package_identification:_identify(src) by extensions ['ignore', 'ignore_ament_install']
[0.256s] Level 1:colcon.colcon_core.package_identification:_identify(src) by extension 'ignore'
[0.256s] Level 1:colcon.colcon_core.package_identification:_identify(src) by extension 'ignore_ament_install'
[0.256s] Level 1:colcon.colcon_core.package_identification:_identify(src) by extensions ['colcon_pkg']
[0.256s] Level 1:colcon.colcon_core.package_identification:_identify(src) by extension 'colcon_pkg'
[0.256s] Level 1:colcon.colcon_core.package_identification:_identify(src) by extensions ['colcon_meta']
[0.256s] Level 1:colcon.colcon_core.package_identification:_identify(src) by extension 'colcon_meta'
[0.256s] Level 1:colcon.colcon_core.package_identification:_identify(src) by extensions ['ros']
[0.256s] Level 1:colcon.colcon_core.package_identification:_identify(src) by extension 'ros'
[0.256s] Level 1:colcon.colcon_core.package_identification:_identify(src) by extensions ['cmake', 'python']
[0.256s] Level 1:colcon.colcon_core.package_identification:_identify(src) by extension 'cmake'
[0.256s] Level 1:colcon.colcon_core.package_identification:_identify(src) by extension 'python'
[0.256s] Level 1:colcon.colcon_core.package_identification:_identify(src) by extensions ['python_setup_py']
[0.256s] Level 1:colcon.colcon_core.package_identification:_identify(src) by extension 'python_setup_py'
[0.256s] Level 1:colcon.colcon_core.package_identification:_identify(src/build) by extensions ['ignore', 'ignore_ament_install']
[0.256s] Level 1:colcon.colcon_core.package_identification:_identify(src/build) by extension 'ignore'
[0.256s] Level 1:colcon.colcon_core.package_identification:_identify(src/build) ignored
[0.256s] Level 1:colcon.colcon_core.package_identification:_identify(src/install) by extensions ['ignore', 'ignore_ament_install']
[0.256s] Level 1:colcon.colcon_core.package_identification:_identify(src/install) by extension 'ignore'
[0.256s] Level 1:colcon.colcon_core.package_identification:_identify(src/install) ignored
[0.257s] Level 1:colcon.colcon_core.package_identification:_identify(src/log) by extensions ['ignore', 'ignore_ament_install']
[0.257s] Level 1:colcon.colcon_core.package_identification:_identify(src/log) by extension 'ignore'
[0.257s] Level 1:colcon.colcon_core.package_identification:_identify(src/log) ignored
[0.257s] Level 1:colcon.colcon_core.package_identification:_identify(src/robot_controller) by extensions ['ignore', 'ignore_ament_install']
[0.257s] Level 1:colcon.colcon_core.package_identification:_identify(src/robot_controller) by extension 'ignore'
[0.257s] Level 1:colcon.colcon_core.package_identification:_identify(src/robot_controller) by extension 'ignore_ament_install'
[0.257s] Level 1:colcon.colcon_core.package_identification:_identify(src/robot_controller) by extensions ['colcon_pkg']
[0.257s] Level 1:colcon.colcon_core.package_identification:_identify(src/robot_controller) by extension 'colcon_pkg'
[0.257s] Level 1:colcon.colcon_core.package_identification:_identify(src/robot_controller) by extensions ['colcon_meta']
[0.257s] Level 1:colcon.colcon_core.package_identification:_identify(src/robot_controller) by extension 'colcon_meta'
[0.257s] Level 1:colcon.colcon_core.package_identification:_identify(src/robot_controller) by extensions ['ros']
[0.257s] Level 1:colcon.colcon_core.package_identification:_identify(src/robot_controller) by extension 'ros'
[0.258s] DEBUG:colcon.colcon_core.package_identification:Package 'src/robot_controller' with type 'ros.ament_cmake' and name 'robot_controller'
[0.259s] Level 1:colcon.colcon_core.package_discovery:discover_packages(recursive) using defaults
[0.259s] Level 1:colcon.colcon_core.package_discovery:discover_packages(ignore) discover
[0.259s] Level 1:colcon.colcon_core.package_discovery:discover_packages(ignore) using defaults
[0.259s] Level 1:colcon.colcon_core.package_discovery:discover_packages(path) discover
[0.259s] Level 1:colcon.colcon_core.package_discovery:discover_packages(path) using defaults
[0.279s] Level 1:colcon.colcon_core.package_discovery:discover_packages(prefix_path) check parameters
[0.279s] Level 1:colcon.colcon_core.package_discovery:discover_packages(prefix_path) discover
[0.280s] DEBUG:colcon.colcon_installed_package_information.package_discovery:Found 272 installed packages in /opt/ros/humble
[0.281s] Level 1:colcon.colcon_core.package_discovery:discover_packages(prefix_path) using defaults
[0.304s] Level 5:colcon.colcon_core.verb:set package 'robot_controller' build argument 'cmake_args' from command line to 'None'
[0.305s] Level 5:colcon.colcon_core.verb:set package 'robot_controller' build argument 'cmake_target' from command line to 'None'
[0.305s] Level 5:colcon.colcon_core.verb:set package 'robot_controller' build argument 'cmake_target_skip_unavailable' from command line to 'False'
[0.305s] Level 5:colcon.colcon_core.verb:set package 'robot_controller' build argument 'cmake_clean_cache' from command line to 'False'
[0.305s] Level 5:colcon.colcon_core.verb:set package 'robot_controller' build argument 'cmake_clean_first' from command line to 'False'
[0.305s] Level 5:colcon.colcon_core.verb:set package 'robot_controller' build argument 'cmake_force_configure' from command line to 'False'
[0.305s] Level 5:colcon.colcon_core.verb:set package 'robot_controller' build argument 'ament_cmake_args' from command line to 'None'
[0.305s] Level 5:colcon.colcon_core.verb:set package 'robot_controller' build argument 'catkin_cmake_args' from command line to 'None'
[0.305s] Level 5:colcon.colcon_core.verb:set package 'robot_controller' build argument 'catkin_skip_building_tests' from command line to 'False'
[0.305s] DEBUG:colcon.colcon_core.verb:Building package 'robot_controller' with the following arguments: {'ament_cmake_args': None, 'build_base': '/home/creativecoder/ros2_project/ros2_ws/build/robot_controller', 'catkin_cmake_args': None, 'catkin_skip_building_tests': False, 'cmake_args': None, 'cmake_clean_cache': False, 'cmake_clean_first': False, 'cmake_force_configure': False, 'cmake_target': None, 'cmake_target_skip_unavailable': False, 'install_base': '/home/creativecoder/ros2_project/ros2_ws/install/robot_controller', 'merge_install': False, 'path': '/home/creativecoder/ros2_project/ros2_ws/src/robot_controller', 'symlink_install': False, 'test_result_base': None}
[0.305s] INFO:colcon.colcon_core.executor:Executing jobs using 'parallel' executor
[0.306s] DEBUG:colcon.colcon_parallel_executor.executor.parallel:run_until_complete
[0.306s] INFO:colcon.colcon_ros.task.ament_cmake.build:Building ROS package in '/home/creativecoder/ros2_project/ros2_ws/src/robot_controller' with build type 'ament_cmake'
[0.306s] INFO:colcon.colcon_cmake.task.cmake.build:Building CMake package in '/home/creativecoder/ros2_project/ros2_ws/src/robot_controller'
[0.308s] INFO:colcon.colcon_core.plugin_system:Skipping extension 'colcon_core.shell.bat': Not used on non-Windows systems
[0.308s] INFO:colcon.colcon_core.shell:Skip shell extension 'powershell' for command environment: Not usable outside of PowerShell
[0.308s] DEBUG:colcon.colcon_core.shell:Skip shell extension 'dsv' for command environment
[0.327s] DEBUG:colcon.colcon_core.event_handler.log_command:Invoking command in '/home/creativecoder/ros2_project/ros2_ws/build/robot_controller': CMAKE_PREFIX_PATH=/opt/ros/humble /usr/bin/cmake --build /home/creativecoder/ros2_project/ros2_ws/build/robot_controller -- -j14 -l14
[10.602s] DEBUG:colcon.colcon_core.event_handler.log_command:Invoked command in '/home/creativecoder/ros2_project/ros2_ws/build/robot_controller' returned '0': CMAKE_PREFIX_PATH=/opt/ros/humble /usr/bin/cmake --build /home/creativecoder/ros2_project/ros2_ws/build/robot_controller -- -j14 -l14
[10.614s] DEBUG:colcon.colcon_core.event_handler.log_command:Invoking command in '/home/creativecoder/ros2_project/ros2_ws/build/robot_controller': CMAKE_PREFIX_PATH=/opt/ros/humble /usr/bin/cmake --install /home/creativecoder/ros2_project/ros2_ws/build/robot_controller
[10.637s] Level 1:colcon.colcon_core.environment:create_environment_scripts_only(robot_controller)
[10.638s] DEBUG:colcon.colcon_core.event_handler.log_command:Invoked command in '/home/creativecoder/ros2_project/ros2_ws/build/robot_controller' returned '0': CMAKE_PREFIX_PATH=/opt/ros/humble /usr/bin/cmake --install /home/creativecoder/ros2_project/ros2_ws/build/robot_controller
[10.646s] Level 1:colcon.colcon_core.environment:checking '/home/creativecoder/ros2_project/ros2_ws/install/robot_controller' for CMake module files
[10.647s] Level 1:colcon.colcon_core.environment:checking '/home/creativecoder/ros2_project/ros2_ws/install/robot_controller' for CMake config files
[10.648s] Level 1:colcon.colcon_core.shell:create_environment_hook('robot_controller', 'cmake_prefix_path')
[10.648s] INFO:colcon.colcon_core.shell:Creating environment hook '/home/creativecoder/ros2_project/ros2_ws/install/robot_controller/share/robot_controller/hook/cmake_prefix_path.ps1'
[10.649s] INFO:colcon.colcon_core.shell:Creating environment descriptor '/home/creativecoder/ros2_project/ros2_ws/install/robot_controller/share/robot_controller/hook/cmake_prefix_path.dsv'
[10.651s] INFO:colcon.colcon_core.shell:Creating environment hook '/home/creativecoder/ros2_project/ros2_ws/install/robot_controller/share/robot_controller/hook/cmake_prefix_path.sh'
[10.652s] Level 1:colcon.colcon_core.environment:checking '/home/creativecoder/ros2_project/ros2_ws/install/robot_controller/lib'
[10.653s] Level 1:colcon.colcon_core.environment:checking '/home/creativecoder/ros2_project/ros2_ws/install/robot_controller/bin'
[10.653s] Level 1:colcon.colcon_core.environment:checking '/home/creativecoder/ros2_project/ros2_ws/install/robot_controller/lib/pkgconfig/robot_controller.pc'
[10.653s] Level 1:colcon.colcon_core.environment:checking '/home/creativecoder/ros2_project/ros2_ws/install/robot_controller/lib/python3.10/site-packages'
[10.653s] Level 1:colcon.colcon_core.environment:checking '/home/creativecoder/ros2_project/ros2_ws/install/robot_controller/bin'
[10.654s] INFO:colcon.colcon_core.shell:Creating package script '/home/creativecoder/ros2_project/ros2_ws/install/robot_controller/share/robot_controller/package.ps1'
[10.655s] INFO:colcon.colcon_core.shell:Creating package descriptor '/home/creativecoder/ros2_project/ros2_ws/install/robot_controller/share/robot_controller/package.dsv'
[10.656s] INFO:colcon.colcon_core.shell:Creating package script '/home/creativecoder/ros2_project/ros2_ws/install/robot_controller/share/robot_controller/package.sh'
[10.657s] INFO:colcon.colcon_core.shell:Creating package script '/home/creativecoder/ros2_project/ros2_ws/install/robot_controller/share/robot_controller/package.bash'
[10.658s] INFO:colcon.colcon_core.shell:Creating package script '/home/creativecoder/ros2_project/ros2_ws/install/robot_controller/share/robot_controller/package.zsh'
[10.659s] Level 1:colcon.colcon_core.environment:create_file_with_runtime_dependencies(/home/creativecoder/ros2_project/ros2_ws/install/robot_controller/share/colcon-core/packages/robot_controller)
[10.660s] Level 1:colcon.colcon_core.environment:create_environment_scripts_only(robot_controller)
[10.660s] Level 1:colcon.colcon_core.environment:checking '/home/creativecoder/ros2_project/ros2_ws/install/robot_controller' for CMake module files
[10.661s] Level 1:colcon.colcon_core.environment:checking '/home/creativecoder/ros2_project/ros2_ws/install/robot_controller' for CMake config files
[10.661s] Level 1:colcon.colcon_core.shell:create_environment_hook('robot_controller', 'cmake_prefix_path')
[10.661s] INFO:colcon.colcon_core.shell:Creating environment hook '/home/creativecoder/ros2_project/ros2_ws/install/robot_controller/share/robot_controller/hook/cmake_prefix_path.ps1'
[10.661s] INFO:colcon.colcon_core.shell:Creating environment descriptor '/home/creativecoder/ros2_project/ros2_ws/install/robot_controller/share/robot_controller/hook/cmake_prefix_path.dsv'
[10.662s] INFO:colcon.colcon_core.shell:Creating environment hook '/home/creativecoder/ros2_project/ros2_ws/install/robot_controller/share/robot_controller/hook/cmake_prefix_path.sh'
[10.662s] Level 1:colcon.colcon_core.environment:checking '/home/creativecoder/ros2_project/ros2_ws/install/robot_controller/lib'
[10.662s] Level 1:colcon.colcon_core.environment:checking '/home/creativecoder/ros2_project/ros2_ws/install/robot_controller/bin'
[10.662s] Level 1:colcon.colcon_core.environment:checking '/home/creativecoder/ros2_project/ros2_ws/install/robot_controller/lib/pkgconfig/robot_controller.pc'
[10.662s] Level 1:colcon.colcon_core.environment:checking '/home/creativecoder/ros2_project/ros2_ws/install/robot_controller/lib/python3.10/site-packages'
[10.662s] Level 1:colcon.colcon_core.environment:checking '/home/creativecoder/ros2_project/ros2_ws/install/robot_controller/bin'
[10.663s] INFO:colcon.colcon_core.shell:Creating package script '/home/creativecoder/ros2_project/ros2_ws/install/robot_controller/share/robot_controller/package.ps1'
[10.663s] INFO:colcon.colcon_core.shell:Creating package descriptor '/home/creativecoder/ros2_project/ros2_ws/install/robot_controller/share/robot_controller/package.dsv'
[10.663s] INFO:colcon.colcon_core.shell:Creating package script '/home/creativecoder/ros2_project/ros2_ws/install/robot_controller/share/robot_controller/package.sh'
[10.664s] INFO:colcon.colcon_core.shell:Creating package script '/home/creativecoder/ros2_project/ros2_ws/install/robot_controller/share/robot_controller/package.bash'
[10.664s] INFO:colcon.colcon_core.shell:Creating package script '/home/creativecoder/ros2_project/ros2_ws/install/robot_controller/share/robot_controller/package.zsh'
[10.665s] Level 1:colcon.colcon_core.environment:create_file_with_runtime_dependencies(/home/creativecoder/ros2_project/ros2_ws/install/robot_controller/share/colcon-core/packages/robot_controller)
[10.665s] DEBUG:colcon.colcon_parallel_executor.executor.parallel:closing loop
[10.665s] DEBUG:colcon.colcon_parallel_executor.executor.parallel:loop closed
[10.665s] DEBUG:colcon.colcon_parallel_executor.executor.parallel:run_until_complete finished with '0'
[10.666s] DEBUG:colcon.colcon_core.event_reactor:joining thread
[10.699s] INFO:colcon.colcon_core.plugin_system:Skipping extension 'colcon_notification.desktop_notification.notify_send': Could not find 'notify-send'
[10.700s] INFO:colcon.colcon_core.plugin_system:Skipping extension 'colcon_notification.desktop_notification.terminal_notifier': Not used on non-Darwin systems
[10.700s] INFO:colcon.colcon_core.plugin_system:Skipping extension 'colcon_notification.desktop_notification.win32': Not used on non-Windows systems
[10.700s] INFO:colcon.colcon_notification.desktop_notification:Sending desktop notification using 'notify2'
[10.701s] DEBUG:colcon.colcon_notification.desktop_notification.notify2:Failed to initialize notify2: org.freedesktop.DBus.Error.ServiceUnknown: The name org.freedesktop.Notifications was not provided by any .service files
[10.702s] DEBUG:colcon.colcon_core.event_reactor:joined thread
[10.702s] INFO:colcon.colcon_core.shell:Creating prefix script '/home/creativecoder/ros2_project/ros2_ws/install/local_setup.ps1'
[10.704s] INFO:colcon.colcon_core.shell:Creating prefix util module '/home/creativecoder/ros2_project/ros2_ws/install/_local_setup_util_ps1.py'
[10.705s] INFO:colcon.colcon_core.shell:Creating prefix chain script '/home/creativecoder/ros2_project/ros2_ws/install/setup.ps1'
[10.707s] INFO:colcon.colcon_core.shell:Creating prefix script '/home/creativecoder/ros2_project/ros2_ws/install/local_setup.sh'
[10.708s] INFO:colcon.colcon_core.shell:Creating prefix util module '/home/creativecoder/ros2_project/ros2_ws/install/_local_setup_util_sh.py'
[10.709s] INFO:colcon.colcon_core.shell:Creating prefix chain script '/home/creativecoder/ros2_project/ros2_ws/install/setup.sh'
[10.710s] INFO:colcon.colcon_core.shell:Creating prefix script '/home/creativecoder/ros2_project/ros2_ws/install/local_setup.bash'
[10.711s] INFO:colcon.colcon_core.shell:Creating prefix chain script '/home/creativecoder/ros2_project/ros2_ws/install/setup.bash'
[10.712s] INFO:colcon.colcon_core.shell:Creating prefix script '/home/creativecoder/ros2_project/ros2_ws/install/local_setup.zsh'
[10.713s] INFO:colcon.colcon_core.shell:Creating prefix chain script '/home/creativecoder/ros2_project/ros2_ws/install/setup.zsh'
