[ 25%] [32mBuilding CXX object CMakeFiles/base_controller_node.dir/src/base_controller.cpp.o[0m
[ 50%] [32mBuilding CXX object CMakeFiles/keyboard_teleop_node.dir/src/keyboard_teleop_node.cpp.o[0m
[ 75%] [32m[1mLinking CXX executable keyboard_teleop_node[0m
[ 75%] Built target keyboard_teleop_node
[100%] [32m[1mLinking CXX executable base_controller_node[0m
[100%] Built target base_controller_node
-- Install configuration: ""
-- Installing: /home/creativecoder/ros2_project/ros2_ws/install/robot_controller/lib/robot_controller/keyboard_teleop_node
-- Set runtime path of "/home/creativecoder/ros2_project/ros2_ws/install/robot_controller/lib/robot_controller/keyboard_teleop_node" to ""
-- Installing: /home/creativecoder/ros2_project/ros2_ws/install/robot_controller/lib/robot_controller/base_controller_node
-- Set runtime path of "/home/creativecoder/ros2_project/ros2_ws/install/robot_controller/lib/robot_controller/base_controller_node" to ""
-- Up-to-date: /home/creativecoder/ros2_project/ros2_ws/install/robot_controller/share/ament_index/resource_index/package_run_dependencies/robot_controller
-- Up-to-date: /home/creativecoder/ros2_project/ros2_ws/install/robot_controller/share/ament_index/resource_index/parent_prefix_path/robot_controller
-- Up-to-date: /home/creativecoder/ros2_project/ros2_ws/install/robot_controller/share/robot_controller/environment/ament_prefix_path.sh
-- Up-to-date: /home/creativecoder/ros2_project/ros2_ws/install/robot_controller/share/robot_controller/environment/ament_prefix_path.dsv
-- Up-to-date: /home/creativecoder/ros2_project/ros2_ws/install/robot_controller/share/robot_controller/environment/path.sh
-- Up-to-date: /home/creativecoder/ros2_project/ros2_ws/install/robot_controller/share/robot_controller/environment/path.dsv
-- Up-to-date: /home/creativecoder/ros2_project/ros2_ws/install/robot_controller/share/robot_controller/local_setup.bash
-- Up-to-date: /home/creativecoder/ros2_project/ros2_ws/install/robot_controller/share/robot_controller/local_setup.sh
-- Up-to-date: /home/creativecoder/ros2_project/ros2_ws/install/robot_controller/share/robot_controller/local_setup.zsh
-- Up-to-date: /home/creativecoder/ros2_project/ros2_ws/install/robot_controller/share/robot_controller/local_setup.dsv
-- Installing: /home/creativecoder/ros2_project/ros2_ws/install/robot_controller/share/robot_controller/package.dsv
-- Up-to-date: /home/creativecoder/ros2_project/ros2_ws/install/robot_controller/share/ament_index/resource_index/packages/robot_controller
-- Up-to-date: /home/creativecoder/ros2_project/ros2_ws/install/robot_controller/share/robot_controller/cmake/robot_controllerConfig.cmake
-- Up-to-date: /home/creativecoder/ros2_project/ros2_ws/install/robot_controller/share/robot_controller/cmake/robot_controllerConfig-version.cmake
-- Up-to-date: /home/creativecoder/ros2_project/ros2_ws/install/robot_controller/share/robot_controller/package.xml
