[0.054s] Invoking command in '/home/creativecoder/ros2_project/ros2_ws/build/robot_controller': CMAKE_PREFIX_PATH=/opt/ros/humble /usr/bin/cmake --build /home/creativecoder/ros2_project/ros2_ws/build/robot_controller -- -j14 -l14
[0.624s] [ 25%] [32mBuilding CXX object CMakeFiles/base_controller_node.dir/src/base_controller.cpp.o[0m
[0.631s] [ 50%] [32mBuilding CXX object CMakeFiles/keyboard_teleop_node.dir/src/keyboard_teleop_node.cpp.o[0m
[5.077s] In file included from [01m[K/opt/ros/humble/include/rclcpp/rclcpp/logging.hpp:24[m[K,
[5.077s]                  from [01m[K/opt/ros/humble/include/rclcpp/rclcpp/client.hpp:40[m[K,
[5.077s]                  from [01m[K/opt/ros/humble/include/rclcpp/rclcpp/callback_group.hpp:24[m[K,
[5.077s]                  from [01m[K/opt/ros/humble/include/rclcpp/rclcpp/any_executable.hpp:20[m[K,
[5.077s]                  from [01m[K/opt/ros/humble/include/rclcpp/rclcpp/memory_strategy.hpp:25[m[K,
[5.077s]                  from [01m[K/opt/ros/humble/include/rclcpp/rclcpp/memory_strategies.hpp:18[m[K,
[5.078s]                  from [01m[K/opt/ros/humble/include/rclcpp/rclcpp/executor_options.hpp:20[m[K,
[5.078s]                  from [01m[K/opt/ros/humble/include/rclcpp/rclcpp/executor.hpp:37[m[K,
[5.078s]                  from [01m[K/opt/ros/humble/include/rclcpp/rclcpp/executors/multi_threaded_executor.hpp:25[m[K,
[5.078s]                  from [01m[K/opt/ros/humble/include/rclcpp/rclcpp/executors.hpp:21[m[K,
[5.078s]                  from [01m[K/opt/ros/humble/include/rclcpp/rclcpp/rclcpp.hpp:155[m[K,
[5.078s]                  from [01m[K/home/creativecoder/ros2_project/ros2_ws/src/robot_controller/src/base_controller.cpp:3[m[K:
[5.078s] [01m[K/home/creativecoder/ros2_project/ros2_ws/src/robot_controller/src/base_controller.cpp:[m[K In member function ‘[01m[Kvoid BaseController::topic_callback(const Twist&) const[m[K’:
[5.078s] [01m[K/home/creativecoder/ros2_project/ros2_ws/src/robot_controller/src/base_controller.cpp:20:39:[m[K [01;35m[Kwarning: [m[Kformat ‘[01m[K%s[m[K’ expects argument of type ‘[01m[Kchar*[m[K’, but argument 5 has type ‘[01m[Kgeometry_msgs::msg::Vector3_<std::allocator<void> >::_x_type[m[K’ {aka ‘[01m[Kdouble[m[K’} [[01;35m[K]8;;https://gcc.gnu.org/onlinedocs/gcc/Warning-Options.html#index-Wformat=-Wformat=]8;;[m[K]
[5.078s]    20 |       RCLCPP_INFO(this->get_logger(), [01;35m[K"I heard: '%s'"[m[K, [32m[Kmsg.linear.x[m[K);
[5.078s]       |                                       [01;35m[K^~~~~~~~~~~~~~~[m[K  [32m[K~~~~~~~~~~~~[m[K
[5.078s]       |                                                                   [32m[K|[m[K
[5.078s]       |                                                                   [32m[Kgeometry_msgs::msg::Vector3_<std::allocator<void> >::_x_type {aka double}[m[K
[5.078s] [01m[K/home/creativecoder/ros2_project/ros2_ws/src/robot_controller/src/base_controller.cpp:20:51:[m[K [01;36m[Knote: [m[Kformat string is defined here
[5.078s]    20 |       RCLCPP_INFO(this->get_logger(), "I heard: '[01;36m[K%s[m[K'", msg.linear.x);
[5.078s]       |                                                  [01;36m[K~^[m[K
[5.078s]       |                                                   [01;36m[K|[m[K
[5.078s]       |                                                   [01;36m[Kchar*[m[K
[5.078s]       |                                                  [32m[K%f[m[K
[7.791s] [ 75%] [32m[1mLinking CXX executable keyboard_teleop_node[0m
[8.264s] [ 75%] Built target keyboard_teleop_node
[11.740s] [100%] [32m[1mLinking CXX executable base_controller_node[0m
[12.251s] [100%] Built target base_controller_node
[12.266s] Invoked command in '/home/creativecoder/ros2_project/ros2_ws/build/robot_controller' returned '0': CMAKE_PREFIX_PATH=/opt/ros/humble /usr/bin/cmake --build /home/creativecoder/ros2_project/ros2_ws/build/robot_controller -- -j14 -l14
[12.281s] Invoking command in '/home/creativecoder/ros2_project/ros2_ws/build/robot_controller': CMAKE_PREFIX_PATH=/opt/ros/humble /usr/bin/cmake --install /home/creativecoder/ros2_project/ros2_ws/build/robot_controller
[12.290s] -- Install configuration: ""
[12.296s] -- Installing: /home/creativecoder/ros2_project/ros2_ws/install/robot_controller/lib/robot_controller/keyboard_teleop_node
[12.298s] -- Set runtime path of "/home/creativecoder/ros2_project/ros2_ws/install/robot_controller/lib/robot_controller/keyboard_teleop_node" to ""
[12.299s] -- Installing: /home/creativecoder/ros2_project/ros2_ws/install/robot_controller/lib/robot_controller/base_controller_node
[12.302s] -- Set runtime path of "/home/creativecoder/ros2_project/ros2_ws/install/robot_controller/lib/robot_controller/base_controller_node" to ""
[12.303s] -- Up-to-date: /home/creativecoder/ros2_project/ros2_ws/install/robot_controller/share/ament_index/resource_index/package_run_dependencies/robot_controller
[12.303s] -- Up-to-date: /home/creativecoder/ros2_project/ros2_ws/install/robot_controller/share/ament_index/resource_index/parent_prefix_path/robot_controller
[12.303s] -- Up-to-date: /home/creativecoder/ros2_project/ros2_ws/install/robot_controller/share/robot_controller/environment/ament_prefix_path.sh
[12.303s] -- Up-to-date: /home/creativecoder/ros2_project/ros2_ws/install/robot_controller/share/robot_controller/environment/ament_prefix_path.dsv
[12.303s] -- Up-to-date: /home/creativecoder/ros2_project/ros2_ws/install/robot_controller/share/robot_controller/environment/path.sh
[12.303s] -- Up-to-date: /home/creativecoder/ros2_project/ros2_ws/install/robot_controller/share/robot_controller/environment/path.dsv
[12.303s] -- Up-to-date: /home/creativecoder/ros2_project/ros2_ws/install/robot_controller/share/robot_controller/local_setup.bash
[12.303s] -- Up-to-date: /home/creativecoder/ros2_project/ros2_ws/install/robot_controller/share/robot_controller/local_setup.sh
[12.303s] -- Up-to-date: /home/creativecoder/ros2_project/ros2_ws/install/robot_controller/share/robot_controller/local_setup.zsh
[12.303s] -- Up-to-date: /home/creativecoder/ros2_project/ros2_ws/install/robot_controller/share/robot_controller/local_setup.dsv
[12.303s] -- Installing: /home/creativecoder/ros2_project/ros2_ws/install/robot_controller/share/robot_controller/package.dsv
[12.304s] -- Up-to-date: /home/creativecoder/ros2_project/ros2_ws/install/robot_controller/share/ament_index/resource_index/packages/robot_controller
[12.304s] -- Up-to-date: /home/creativecoder/ros2_project/ros2_ws/install/robot_controller/share/robot_controller/cmake/robot_controllerConfig.cmake
[12.305s] -- Up-to-date: /home/creativecoder/ros2_project/ros2_ws/install/robot_controller/share/robot_controller/cmake/robot_controllerConfig-version.cmake
[12.305s] -- Up-to-date: /home/creativecoder/ros2_project/ros2_ws/install/robot_controller/share/robot_controller/package.xml
[12.307s] Invoked command in '/home/creativecoder/ros2_project/ros2_ws/build/robot_controller' returned '0': CMAKE_PREFIX_PATH=/opt/ros/humble /usr/bin/cmake --install /home/creativecoder/ros2_project/ros2_ws/build/robot_controller
