[0.093s] DEBUG:colcon:Command line arguments: ['/usr/bin/colcon', 'build']
[0.093s] DEBUG:colcon:Parsed command line arguments: Namespace(log_base=None, log_level=None, verb_name='build', build_base='build', install_base='install', merge_install=False, symlink_install=False, test_result_base=None, continue_on_error=False, executor='parallel', parallel_workers=14, event_handlers=None, ignore_user_meta=False, metas=['./colcon.meta'], base_paths=['.'], packages_ignore=None, packages_ignore_regex=None, paths=None, packages_up_to=None, packages_up_to_regex=None, packages_above=None, packages_above_and_dependencies=None, packages_above_depth=None, packages_select_by_dep=None, packages_skip_by_dep=None, packages_skip_up_to=None, packages_select_build_failed=False, packages_skip_build_finished=False, packages_select_test_failures=False, packages_skip_test_passed=False, packages_select=None, packages_skip=None, packages_select_regex=None, packages_skip_regex=None, packages_start=None, packages_end=None, allow_overriding=[], cmake_args=None, cmake_target=None, cmake_target_skip_unavailable=False, cmake_clean_cache=False, cmake_clean_first=False, cmake_force_configure=False, ament_cmake_args=None, catkin_cmake_args=None, catkin_skip_building_tests=False, mixin_files=None, mixin=None, verb_parser=<colcon_mixin.mixin.mixin_argument.MixinArgumentDecorator object at 0x7d21eef5d210>, verb_extension=<colcon_core.verb.build.BuildVerb object at 0x7d21ef0d6a70>, main=<bound method BuildVerb.main of <colcon_core.verb.build.BuildVerb object at 0x7d21ef0d6a70>>, mixin_verb=('build',))
[0.190s] Level 1:colcon.colcon_core.package_discovery:discover_packages(colcon_meta) check parameters
[0.190s] Level 1:colcon.colcon_core.package_discovery:discover_packages(recursive) check parameters
[0.190s] Level 1:colcon.colcon_core.package_discovery:discover_packages(ignore) check parameters
[0.190s] Level 1:colcon.colcon_core.package_discovery:discover_packages(path) check parameters
[0.190s] Level 1:colcon.colcon_core.package_discovery:discover_packages(colcon_meta) discover
[0.190s] Level 1:colcon.colcon_core.package_discovery:discover_packages(recursive) discover
[0.190s] INFO:colcon.colcon_core.package_discovery:Crawling recursively for packages in '/home/creativecoder/ros2_project/ros2_ws/src'
[0.190s] Level 1:colcon.colcon_core.package_identification:_identify(.) by extensions ['ignore', 'ignore_ament_install']
[0.191s] Level 1:colcon.colcon_core.package_identification:_identify(.) by extension 'ignore'
[0.191s] Level 1:colcon.colcon_core.package_identification:_identify(.) by extension 'ignore_ament_install'
[0.191s] Level 1:colcon.colcon_core.package_identification:_identify(.) by extensions ['colcon_pkg']
[0.191s] Level 1:colcon.colcon_core.package_identification:_identify(.) by extension 'colcon_pkg'
[0.191s] Level 1:colcon.colcon_core.package_identification:_identify(.) by extensions ['colcon_meta']
[0.191s] Level 1:colcon.colcon_core.package_identification:_identify(.) by extension 'colcon_meta'
[0.191s] Level 1:colcon.colcon_core.package_identification:_identify(.) by extensions ['ros']
[0.191s] Level 1:colcon.colcon_core.package_identification:_identify(.) by extension 'ros'
[0.198s] Level 1:colcon.colcon_core.package_identification:_identify(.) by extensions ['cmake', 'python']
[0.198s] Level 1:colcon.colcon_core.package_identification:_identify(.) by extension 'cmake'
[0.198s] Level 1:colcon.colcon_core.package_identification:_identify(.) by extension 'python'
[0.198s] Level 1:colcon.colcon_core.package_identification:_identify(.) by extensions ['python_setup_py']
[0.198s] Level 1:colcon.colcon_core.package_identification:_identify(.) by extension 'python_setup_py'
[0.198s] Level 1:colcon.colcon_core.package_identification:_identify(build) by extensions ['ignore', 'ignore_ament_install']
[0.198s] Level 1:colcon.colcon_core.package_identification:_identify(build) by extension 'ignore'
[0.198s] Level 1:colcon.colcon_core.package_identification:_identify(build) ignored
[0.198s] Level 1:colcon.colcon_core.package_identification:_identify(install) by extensions ['ignore', 'ignore_ament_install']
[0.198s] Level 1:colcon.colcon_core.package_identification:_identify(install) by extension 'ignore'
[0.198s] Level 1:colcon.colcon_core.package_identification:_identify(install) ignored
[0.199s] Level 1:colcon.colcon_core.package_identification:_identify(log) by extensions ['ignore', 'ignore_ament_install']
[0.199s] Level 1:colcon.colcon_core.package_identification:_identify(log) by extension 'ignore'
[0.199s] Level 1:colcon.colcon_core.package_identification:_identify(log) ignored
[0.199s] Level 1:colcon.colcon_core.package_identification:_identify(robot_controller) by extensions ['ignore', 'ignore_ament_install']
[0.199s] Level 1:colcon.colcon_core.package_identification:_identify(robot_controller) by extension 'ignore'
[0.199s] Level 1:colcon.colcon_core.package_identification:_identify(robot_controller) by extension 'ignore_ament_install'
[0.199s] Level 1:colcon.colcon_core.package_identification:_identify(robot_controller) by extensions ['colcon_pkg']
[0.199s] Level 1:colcon.colcon_core.package_identification:_identify(robot_controller) by extension 'colcon_pkg'
[0.199s] Level 1:colcon.colcon_core.package_identification:_identify(robot_controller) by extensions ['colcon_meta']
[0.199s] Level 1:colcon.colcon_core.package_identification:_identify(robot_controller) by extension 'colcon_meta'
[0.199s] Level 1:colcon.colcon_core.package_identification:_identify(robot_controller) by extensions ['ros']
[0.199s] Level 1:colcon.colcon_core.package_identification:_identify(robot_controller) by extension 'ros'
[0.202s] DEBUG:colcon.colcon_core.package_identification:Package 'robot_controller' with type 'ros.ament_cmake' and name 'robot_controller'
[0.202s] Level 1:colcon.colcon_core.package_discovery:discover_packages(recursive) using defaults
[0.202s] Level 1:colcon.colcon_core.package_discovery:discover_packages(ignore) discover
[0.202s] Level 1:colcon.colcon_core.package_discovery:discover_packages(ignore) using defaults
[0.202s] Level 1:colcon.colcon_core.package_discovery:discover_packages(path) discover
[0.202s] Level 1:colcon.colcon_core.package_discovery:discover_packages(path) using defaults
[0.217s] Level 1:colcon.colcon_core.package_discovery:discover_packages(prefix_path) check parameters
[0.218s] Level 1:colcon.colcon_core.package_discovery:discover_packages(prefix_path) discover
[0.231s] DEBUG:colcon.colcon_installed_package_information.package_discovery:Found 272 installed packages in /opt/ros/humble
[0.232s] Level 1:colcon.colcon_core.package_discovery:discover_packages(prefix_path) using defaults
[0.255s] Level 5:colcon.colcon_core.verb:set package 'robot_controller' build argument 'cmake_args' from command line to 'None'
[0.255s] Level 5:colcon.colcon_core.verb:set package 'robot_controller' build argument 'cmake_target' from command line to 'None'
[0.255s] Level 5:colcon.colcon_core.verb:set package 'robot_controller' build argument 'cmake_target_skip_unavailable' from command line to 'False'
[0.255s] Level 5:colcon.colcon_core.verb:set package 'robot_controller' build argument 'cmake_clean_cache' from command line to 'False'
[0.255s] Level 5:colcon.colcon_core.verb:set package 'robot_controller' build argument 'cmake_clean_first' from command line to 'False'
[0.255s] Level 5:colcon.colcon_core.verb:set package 'robot_controller' build argument 'cmake_force_configure' from command line to 'False'
[0.255s] Level 5:colcon.colcon_core.verb:set package 'robot_controller' build argument 'ament_cmake_args' from command line to 'None'
[0.255s] Level 5:colcon.colcon_core.verb:set package 'robot_controller' build argument 'catkin_cmake_args' from command line to 'None'
[0.255s] Level 5:colcon.colcon_core.verb:set package 'robot_controller' build argument 'catkin_skip_building_tests' from command line to 'False'
[0.255s] DEBUG:colcon.colcon_core.verb:Building package 'robot_controller' with the following arguments: {'ament_cmake_args': None, 'build_base': '/home/creativecoder/ros2_project/ros2_ws/src/build/robot_controller', 'catkin_cmake_args': None, 'catkin_skip_building_tests': False, 'cmake_args': None, 'cmake_clean_cache': False, 'cmake_clean_first': False, 'cmake_force_configure': False, 'cmake_target': None, 'cmake_target_skip_unavailable': False, 'install_base': '/home/creativecoder/ros2_project/ros2_ws/src/install/robot_controller', 'merge_install': False, 'path': '/home/creativecoder/ros2_project/ros2_ws/src/robot_controller', 'symlink_install': False, 'test_result_base': None}
[0.255s] INFO:colcon.colcon_core.executor:Executing jobs using 'parallel' executor
[0.256s] DEBUG:colcon.colcon_parallel_executor.executor.parallel:run_until_complete
[0.257s] INFO:colcon.colcon_ros.task.ament_cmake.build:Building ROS package in '/home/creativecoder/ros2_project/ros2_ws/src/robot_controller' with build type 'ament_cmake'
[0.257s] INFO:colcon.colcon_cmake.task.cmake.build:Building CMake package in '/home/creativecoder/ros2_project/ros2_ws/src/robot_controller'
[0.258s] INFO:colcon.colcon_core.plugin_system:Skipping extension 'colcon_core.shell.bat': Not used on non-Windows systems
[0.258s] INFO:colcon.colcon_core.shell:Skip shell extension 'powershell' for command environment: Not usable outside of PowerShell
[0.258s] DEBUG:colcon.colcon_core.shell:Skip shell extension 'dsv' for command environment
[0.266s] DEBUG:colcon.colcon_core.event_handler.log_command:Invoking command in '/home/creativecoder/ros2_project/ros2_ws/src/build/robot_controller': CMAKE_PREFIX_PATH=/opt/ros/humble /usr/bin/cmake /home/creativecoder/ros2_project/ros2_ws/src/robot_controller -DCMAKE_INSTALL_PREFIX=/home/creativecoder/ros2_project/ros2_ws/src/install/robot_controller
[2.980s] DEBUG:colcon.colcon_core.event_handler.log_command:Invoked command in '/home/creativecoder/ros2_project/ros2_ws/src/build/robot_controller' returned '0': CMAKE_PREFIX_PATH=/opt/ros/humble /usr/bin/cmake /home/creativecoder/ros2_project/ros2_ws/src/robot_controller -DCMAKE_INSTALL_PREFIX=/home/creativecoder/ros2_project/ros2_ws/src/install/robot_controller
[2.981s] DEBUG:colcon.colcon_core.event_handler.log_command:Invoking command in '/home/creativecoder/ros2_project/ros2_ws/src/build/robot_controller': CMAKE_PREFIX_PATH=/opt/ros/humble /usr/bin/cmake --build /home/creativecoder/ros2_project/ros2_ws/src/build/robot_controller -- -j14 -l14
[3.009s] DEBUG:colcon.colcon_core.event_handler.log_command:Invoked command in '/home/creativecoder/ros2_project/ros2_ws/src/build/robot_controller' returned '0': CMAKE_PREFIX_PATH=/opt/ros/humble /usr/bin/cmake --build /home/creativecoder/ros2_project/ros2_ws/src/build/robot_controller -- -j14 -l14
[3.017s] DEBUG:colcon.colcon_core.event_handler.log_command:Invoking command in '/home/creativecoder/ros2_project/ros2_ws/src/build/robot_controller': CMAKE_PREFIX_PATH=/opt/ros/humble /usr/bin/cmake --install /home/creativecoder/ros2_project/ros2_ws/src/build/robot_controller
[3.028s] Level 1:colcon.colcon_core.environment:create_environment_scripts_only(robot_controller)
[3.028s] DEBUG:colcon.colcon_core.event_handler.log_command:Invoked command in '/home/creativecoder/ros2_project/ros2_ws/src/build/robot_controller' returned '0': CMAKE_PREFIX_PATH=/opt/ros/humble /usr/bin/cmake --install /home/creativecoder/ros2_project/ros2_ws/src/build/robot_controller
[3.035s] Level 1:colcon.colcon_core.environment:checking '/home/creativecoder/ros2_project/ros2_ws/src/install/robot_controller' for CMake module files
[3.036s] Level 1:colcon.colcon_core.environment:checking '/home/creativecoder/ros2_project/ros2_ws/src/install/robot_controller' for CMake config files
[3.036s] Level 1:colcon.colcon_core.shell:create_environment_hook('robot_controller', 'cmake_prefix_path')
[3.036s] INFO:colcon.colcon_core.shell:Creating environment hook '/home/creativecoder/ros2_project/ros2_ws/src/install/robot_controller/share/robot_controller/hook/cmake_prefix_path.ps1'
[3.037s] INFO:colcon.colcon_core.shell:Creating environment descriptor '/home/creativecoder/ros2_project/ros2_ws/src/install/robot_controller/share/robot_controller/hook/cmake_prefix_path.dsv'
[3.037s] INFO:colcon.colcon_core.shell:Creating environment hook '/home/creativecoder/ros2_project/ros2_ws/src/install/robot_controller/share/robot_controller/hook/cmake_prefix_path.sh'
[3.039s] Level 1:colcon.colcon_core.environment:checking '/home/creativecoder/ros2_project/ros2_ws/src/install/robot_controller/bin'
[3.039s] Level 1:colcon.colcon_core.environment:checking '/home/creativecoder/ros2_project/ros2_ws/src/install/robot_controller/lib/pkgconfig/robot_controller.pc'
[3.039s] Level 1:colcon.colcon_core.environment:checking '/home/creativecoder/ros2_project/ros2_ws/src/install/robot_controller/lib/python3.10/site-packages'
[3.040s] Level 1:colcon.colcon_core.environment:checking '/home/creativecoder/ros2_project/ros2_ws/src/install/robot_controller/bin'
[3.040s] INFO:colcon.colcon_core.shell:Creating package script '/home/creativecoder/ros2_project/ros2_ws/src/install/robot_controller/share/robot_controller/package.ps1'
[3.040s] INFO:colcon.colcon_core.shell:Creating package descriptor '/home/creativecoder/ros2_project/ros2_ws/src/install/robot_controller/share/robot_controller/package.dsv'
[3.041s] INFO:colcon.colcon_core.shell:Creating package script '/home/creativecoder/ros2_project/ros2_ws/src/install/robot_controller/share/robot_controller/package.sh'
[3.042s] INFO:colcon.colcon_core.shell:Creating package script '/home/creativecoder/ros2_project/ros2_ws/src/install/robot_controller/share/robot_controller/package.bash'
[3.042s] INFO:colcon.colcon_core.shell:Creating package script '/home/creativecoder/ros2_project/ros2_ws/src/install/robot_controller/share/robot_controller/package.zsh'
[3.043s] Level 1:colcon.colcon_core.environment:create_file_with_runtime_dependencies(/home/creativecoder/ros2_project/ros2_ws/src/install/robot_controller/share/colcon-core/packages/robot_controller)
[3.044s] Level 1:colcon.colcon_core.environment:create_environment_scripts_only(robot_controller)
[3.045s] Level 1:colcon.colcon_core.environment:checking '/home/creativecoder/ros2_project/ros2_ws/src/install/robot_controller' for CMake module files
[3.045s] Level 1:colcon.colcon_core.environment:checking '/home/creativecoder/ros2_project/ros2_ws/src/install/robot_controller' for CMake config files
[3.045s] Level 1:colcon.colcon_core.shell:create_environment_hook('robot_controller', 'cmake_prefix_path')
[3.045s] INFO:colcon.colcon_core.shell:Creating environment hook '/home/creativecoder/ros2_project/ros2_ws/src/install/robot_controller/share/robot_controller/hook/cmake_prefix_path.ps1'
[3.046s] INFO:colcon.colcon_core.shell:Creating environment descriptor '/home/creativecoder/ros2_project/ros2_ws/src/install/robot_controller/share/robot_controller/hook/cmake_prefix_path.dsv'
[3.046s] INFO:colcon.colcon_core.shell:Creating environment hook '/home/creativecoder/ros2_project/ros2_ws/src/install/robot_controller/share/robot_controller/hook/cmake_prefix_path.sh'
[3.046s] Level 1:colcon.colcon_core.environment:checking '/home/creativecoder/ros2_project/ros2_ws/src/install/robot_controller/bin'
[3.046s] Level 1:colcon.colcon_core.environment:checking '/home/creativecoder/ros2_project/ros2_ws/src/install/robot_controller/lib/pkgconfig/robot_controller.pc'
[3.046s] Level 1:colcon.colcon_core.environment:checking '/home/creativecoder/ros2_project/ros2_ws/src/install/robot_controller/lib/python3.10/site-packages'
[3.046s] Level 1:colcon.colcon_core.environment:checking '/home/creativecoder/ros2_project/ros2_ws/src/install/robot_controller/bin'
[3.047s] INFO:colcon.colcon_core.shell:Creating package script '/home/creativecoder/ros2_project/ros2_ws/src/install/robot_controller/share/robot_controller/package.ps1'
[3.047s] INFO:colcon.colcon_core.shell:Creating package descriptor '/home/creativecoder/ros2_project/ros2_ws/src/install/robot_controller/share/robot_controller/package.dsv'
[3.047s] INFO:colcon.colcon_core.shell:Creating package script '/home/creativecoder/ros2_project/ros2_ws/src/install/robot_controller/share/robot_controller/package.sh'
[3.048s] INFO:colcon.colcon_core.shell:Creating package script '/home/creativecoder/ros2_project/ros2_ws/src/install/robot_controller/share/robot_controller/package.bash'
[3.048s] INFO:colcon.colcon_core.shell:Creating package script '/home/creativecoder/ros2_project/ros2_ws/src/install/robot_controller/share/robot_controller/package.zsh'
[3.048s] Level 1:colcon.colcon_core.environment:create_file_with_runtime_dependencies(/home/creativecoder/ros2_project/ros2_ws/src/install/robot_controller/share/colcon-core/packages/robot_controller)
[3.048s] DEBUG:colcon.colcon_parallel_executor.executor.parallel:closing loop
[3.049s] DEBUG:colcon.colcon_parallel_executor.executor.parallel:loop closed
[3.049s] DEBUG:colcon.colcon_parallel_executor.executor.parallel:run_until_complete finished with '0'
[3.049s] DEBUG:colcon.colcon_core.event_reactor:joining thread
[3.079s] INFO:colcon.colcon_core.plugin_system:Skipping extension 'colcon_notification.desktop_notification.notify_send': Could not find 'notify-send'
[3.080s] INFO:colcon.colcon_core.plugin_system:Skipping extension 'colcon_notification.desktop_notification.terminal_notifier': Not used on non-Darwin systems
[3.080s] INFO:colcon.colcon_core.plugin_system:Skipping extension 'colcon_notification.desktop_notification.win32': Not used on non-Windows systems
[3.080s] INFO:colcon.colcon_notification.desktop_notification:Sending desktop notification using 'notify2'
[3.081s] DEBUG:colcon.colcon_notification.desktop_notification.notify2:Failed to initialize notify2: org.freedesktop.DBus.Error.ServiceUnknown: The name org.freedesktop.Notifications was not provided by any .service files
[3.082s] DEBUG:colcon.colcon_core.event_reactor:joined thread
[3.082s] INFO:colcon.colcon_core.shell:Creating prefix script '/home/creativecoder/ros2_project/ros2_ws/src/install/local_setup.ps1'
[3.083s] INFO:colcon.colcon_core.shell:Creating prefix util module '/home/creativecoder/ros2_project/ros2_ws/src/install/_local_setup_util_ps1.py'
[3.084s] INFO:colcon.colcon_core.shell:Creating prefix chain script '/home/creativecoder/ros2_project/ros2_ws/src/install/setup.ps1'
[3.085s] INFO:colcon.colcon_core.shell:Creating prefix script '/home/creativecoder/ros2_project/ros2_ws/src/install/local_setup.sh'
[3.085s] INFO:colcon.colcon_core.shell:Creating prefix util module '/home/creativecoder/ros2_project/ros2_ws/src/install/_local_setup_util_sh.py'
[3.085s] INFO:colcon.colcon_core.shell:Creating prefix chain script '/home/creativecoder/ros2_project/ros2_ws/src/install/setup.sh'
[3.086s] INFO:colcon.colcon_core.shell:Creating prefix script '/home/creativecoder/ros2_project/ros2_ws/src/install/local_setup.bash'
[3.086s] INFO:colcon.colcon_core.shell:Creating prefix chain script '/home/creativecoder/ros2_project/ros2_ws/src/install/setup.bash'
[3.086s] INFO:colcon.colcon_core.shell:Creating prefix script '/home/creativecoder/ros2_project/ros2_ws/src/install/local_setup.zsh'
[3.087s] INFO:colcon.colcon_core.shell:Creating prefix chain script '/home/creativecoder/ros2_project/ros2_ws/src/install/setup.zsh'
