-- Found ament_cmake: 1.3.12 (/opt/ros/humble/share/ament_cmake/cmake)
-- Found rclcpp: 16.0.17 (/opt/ros/humble/share/rclcpp/cmake)
-- Found rosidl_generator_c: 3.1.8 (/opt/ros/humble/share/rosidl_generator_c/cmake)
-- Found rosidl_adapter: 3.1.8 (/opt/ros/humble/share/rosidl_adapter/cmake)
-- Found rosidl_generator_cpp: 3.1.8 (/opt/ros/humble/share/rosidl_generator_cpp/cmake)
-- Using all available rosidl_typesupport_c: rosidl_typesupport_fastrtps_c;rosidl_typesupport_introspection_c
-- Using all available rosidl_typesupport_cpp: rosidl_typesupport_fastrtps_cpp;rosidl_typesupport_introspection_cpp
-- Found rmw_implementation_cmake: 6.1.2 (/opt/ros/humble/share/rmw_implementation_cmake/cmake)
-- Found rmw_fastrtps_cpp: 6.2.9 (/opt/ros/humble/share/rmw_fastrtps_cpp/cmake)
-- Using RMW implementation 'rmw_fastrtps_cpp' as default
-- Found geometry_msgs: 4.9.0 (/opt/ros/humble/share/geometry_msgs/cmake)
-- Found ament_lint_auto: 0.12.14 (/opt/ros/humble/share/ament_lint_auto/cmake)
-- Added test 'cppcheck' to perform static code analysis on C / C++ code
-- Configured cppcheck include dirs: 
-- Configured cppcheck exclude dirs and/or files: 
-- Added test 'lint_cmake' to check CMake code style
-- Added test 'uncrustify' to check C / C++ code style
-- Configured uncrustify additional arguments: 
-- Added test 'xmllint' to check XML markup files
-- Configuring done
-- Generating done
-- Build files have been written to: /home/creativecoder/ros2_project/ros2_ws/build/robot_controller
[ 50%] [32mBuilding CXX object CMakeFiles/base_controller_node.dir/src/base_controller.cpp.o[0m
[ 50%] [32mBuilding CXX object CMakeFiles/keyboard_teleop_node.dir/src/keyboard_teleop_node.cpp.o[0m
[ 75%] [32m[1mLinking CXX executable keyboard_teleop_node[0m
[ 75%] Built target keyboard_teleop_node
[100%] [32m[1mLinking CXX executable base_controller_node[0m
[100%] Built target base_controller_node
-- Install configuration: ""
-- Installing: /home/creativecoder/ros2_project/ros2_ws/install/robot_controller/lib/robot_controller/keyboard_teleop_node
-- Set runtime path of "/home/creativecoder/ros2_project/ros2_ws/install/robot_controller/lib/robot_controller/keyboard_teleop_node" to ""
-- Installing: /home/creativecoder/ros2_project/ros2_ws/install/robot_controller/lib/robot_controller/base_controller_node
-- Set runtime path of "/home/creativecoder/ros2_project/ros2_ws/install/robot_controller/lib/robot_controller/base_controller_node" to ""
-- Installing: /home/creativecoder/ros2_project/ros2_ws/install/robot_controller/share/ament_index/resource_index/package_run_dependencies/robot_controller
-- Up-to-date: /home/creativecoder/ros2_project/ros2_ws/install/robot_controller/share/ament_index/resource_index/parent_prefix_path/robot_controller
-- Up-to-date: /home/creativecoder/ros2_project/ros2_ws/install/robot_controller/share/robot_controller/environment/ament_prefix_path.sh
-- Installing: /home/creativecoder/ros2_project/ros2_ws/install/robot_controller/share/robot_controller/environment/ament_prefix_path.dsv
-- Up-to-date: /home/creativecoder/ros2_project/ros2_ws/install/robot_controller/share/robot_controller/environment/path.sh
-- Installing: /home/creativecoder/ros2_project/ros2_ws/install/robot_controller/share/robot_controller/environment/path.dsv
-- Up-to-date: /home/creativecoder/ros2_project/ros2_ws/install/robot_controller/share/robot_controller/local_setup.bash
-- Up-to-date: /home/creativecoder/ros2_project/ros2_ws/install/robot_controller/share/robot_controller/local_setup.sh
-- Up-to-date: /home/creativecoder/ros2_project/ros2_ws/install/robot_controller/share/robot_controller/local_setup.zsh
-- Installing: /home/creativecoder/ros2_project/ros2_ws/install/robot_controller/share/robot_controller/local_setup.dsv
-- Installing: /home/creativecoder/ros2_project/ros2_ws/install/robot_controller/share/robot_controller/package.dsv
-- Up-to-date: /home/creativecoder/ros2_project/ros2_ws/install/robot_controller/share/ament_index/resource_index/packages/robot_controller
-- Up-to-date: /home/creativecoder/ros2_project/ros2_ws/install/robot_controller/share/robot_controller/cmake/robot_controllerConfig.cmake
-- Up-to-date: /home/creativecoder/ros2_project/ros2_ws/install/robot_controller/share/robot_controller/cmake/robot_controllerConfig-version.cmake
-- Installing: /home/creativecoder/ros2_project/ros2_ws/install/robot_controller/share/robot_controller/package.xml
