[0.020s] Invoking command in '/home/creativecoder/ros2_project/ros2_ws/build/robot_controller': CMAKE_PREFIX_PATH=/opt/ros/humble /usr/bin/cmake --build /home/creativecoder/ros2_project/ros2_ws/build/robot_controller -- -j14 -l14
[0.100s] -- Found ament_cmake: 1.3.12 (/opt/ros/humble/share/ament_cmake/cmake)
[0.247s] -- Found rclcpp: 16.0.17 (/opt/ros/humble/share/rclcpp/cmake)
[0.403s] -- Found rosidl_generator_c: 3.1.8 (/opt/ros/humble/share/rosidl_generator_c/cmake)
[0.407s] -- Found rosidl_adapter: 3.1.8 (/opt/ros/humble/share/rosidl_adapter/cmake)
[0.420s] -- Found rosidl_generator_cpp: 3.1.8 (/opt/ros/humble/share/rosidl_generator_cpp/cmake)
[0.441s] -- Using all available rosidl_typesupport_c: rosidl_typesupport_fastrtps_c;rosidl_typesupport_introspection_c
[0.461s] -- Using all available rosidl_typesupport_cpp: rosidl_typesupport_fastrtps_cpp;rosidl_typesupport_introspection_cpp
[0.511s] -- Found rmw_implementation_cmake: 6.1.2 (/opt/ros/humble/share/rmw_implementation_cmake/cmake)
[0.513s] -- Found rmw_fastrtps_cpp: 6.2.9 (/opt/ros/humble/share/rmw_fastrtps_cpp/cmake)
[3.108s] -- Using RMW implementation 'rmw_fastrtps_cpp' as default
[3.169s] -- Found geometry_msgs: 4.9.0 (/opt/ros/humble/share/geometry_msgs/cmake)
[3.185s] -- Found ament_lint_auto: 0.12.14 (/opt/ros/humble/share/ament_lint_auto/cmake)
[3.250s] -- Added test 'cppcheck' to perform static code analysis on C / C++ code
[3.250s] -- Configured cppcheck include dirs: 
[3.250s] -- Configured cppcheck exclude dirs and/or files: 
[3.251s] -- Added test 'lint_cmake' to check CMake code style
[3.252s] -- Added test 'uncrustify' to check C / C++ code style
[3.253s] -- Configured uncrustify additional arguments: 
[3.253s] -- Added test 'xmllint' to check XML markup files
[3.256s] -- Configuring done
[3.272s] -- Generating done
[3.277s] -- Build files have been written to: /home/creativecoder/ros2_project/ros2_ws/build/robot_controller
[3.306s] [ 50%] [32mBuilding CXX object CMakeFiles/base_controller_node.dir/src/base_controller.cpp.o[0m
[3.306s] [ 50%] [32mBuilding CXX object CMakeFiles/keyboard_teleop_node.dir/src/keyboard_teleop_node.cpp.o[0m
[7.618s] [ 75%] [32m[1mLinking CXX executable keyboard_teleop_node[0m
[7.953s] [ 75%] Built target keyboard_teleop_node
[11.016s] [100%] [32m[1mLinking CXX executable base_controller_node[0m
[11.346s] [100%] Built target base_controller_node
[11.357s] Invoked command in '/home/creativecoder/ros2_project/ros2_ws/build/robot_controller' returned '0': CMAKE_PREFIX_PATH=/opt/ros/humble /usr/bin/cmake --build /home/creativecoder/ros2_project/ros2_ws/build/robot_controller -- -j14 -l14
[11.369s] Invoking command in '/home/creativecoder/ros2_project/ros2_ws/build/robot_controller': CMAKE_PREFIX_PATH=/opt/ros/humble /usr/bin/cmake --install /home/creativecoder/ros2_project/ros2_ws/build/robot_controller
[11.378s] -- Install configuration: ""
[11.380s] -- Installing: /home/creativecoder/ros2_project/ros2_ws/install/robot_controller/lib/robot_controller/keyboard_teleop_node
[11.381s] -- Set runtime path of "/home/creativecoder/ros2_project/ros2_ws/install/robot_controller/lib/robot_controller/keyboard_teleop_node" to ""
[11.382s] -- Installing: /home/creativecoder/ros2_project/ros2_ws/install/robot_controller/lib/robot_controller/base_controller_node
[11.385s] -- Set runtime path of "/home/creativecoder/ros2_project/ros2_ws/install/robot_controller/lib/robot_controller/base_controller_node" to ""
[11.385s] -- Installing: /home/creativecoder/ros2_project/ros2_ws/install/robot_controller/share/ament_index/resource_index/package_run_dependencies/robot_controller
[11.385s] -- Up-to-date: /home/creativecoder/ros2_project/ros2_ws/install/robot_controller/share/ament_index/resource_index/parent_prefix_path/robot_controller
[11.386s] -- Up-to-date: /home/creativecoder/ros2_project/ros2_ws/install/robot_controller/share/robot_controller/environment/ament_prefix_path.sh
[11.386s] -- Installing: /home/creativecoder/ros2_project/ros2_ws/install/robot_controller/share/robot_controller/environment/ament_prefix_path.dsv
[11.386s] -- Up-to-date: /home/creativecoder/ros2_project/ros2_ws/install/robot_controller/share/robot_controller/environment/path.sh
[11.386s] -- Installing: /home/creativecoder/ros2_project/ros2_ws/install/robot_controller/share/robot_controller/environment/path.dsv
[11.386s] -- Up-to-date: /home/creativecoder/ros2_project/ros2_ws/install/robot_controller/share/robot_controller/local_setup.bash
[11.387s] -- Up-to-date: /home/creativecoder/ros2_project/ros2_ws/install/robot_controller/share/robot_controller/local_setup.sh
[11.387s] -- Up-to-date: /home/creativecoder/ros2_project/ros2_ws/install/robot_controller/share/robot_controller/local_setup.zsh
[11.387s] -- Installing: /home/creativecoder/ros2_project/ros2_ws/install/robot_controller/share/robot_controller/local_setup.dsv
[11.388s] -- Installing: /home/creativecoder/ros2_project/ros2_ws/install/robot_controller/share/robot_controller/package.dsv
[11.388s] -- Up-to-date: /home/creativecoder/ros2_project/ros2_ws/install/robot_controller/share/ament_index/resource_index/packages/robot_controller
[11.388s] -- Up-to-date: /home/creativecoder/ros2_project/ros2_ws/install/robot_controller/share/robot_controller/cmake/robot_controllerConfig.cmake
[11.388s] -- Up-to-date: /home/creativecoder/ros2_project/ros2_ws/install/robot_controller/share/robot_controller/cmake/robot_controllerConfig-version.cmake
[11.388s] -- Installing: /home/creativecoder/ros2_project/ros2_ws/install/robot_controller/share/robot_controller/package.xml
[11.393s] Invoked command in '/home/creativecoder/ros2_project/ros2_ws/build/robot_controller' returned '0': CMAKE_PREFIX_PATH=/opt/ros/humble /usr/bin/cmake --install /home/creativecoder/ros2_project/ros2_ws/build/robot_controller
